{
  "stats": {
    "suites": 1,
    "tests": 6,
    "passes": 6,
    "pending": 1,
    "failures": -1,
    "start": "2024-10-03T21:59:15.039Z",
    "end": "2024-10-03T22:00:53.555Z",
    "duration": 98516,
    "testsRegistered": 7,
    "passPercent": 100,
    "pendingPercent": 14.285714285714285,
    "other": 1,
    "hasOther": true,
    "skipped": 0,
    "hasSkipped": false
  },
  "results": [
    {
      "uuid": "3ba891d0-b141-437f-bf10-af4f6381b149",
      "title": "",
      "fullFile": "cypress\\e2e\\calls_tests\\calls.cy.js",
      "file": "cypress\\e2e\\calls_tests\\calls.cy.js",
      "beforeHooks": [],
      "afterHooks": [],
      "tests": [],
      "suites": [
        {
          "uuid": "5c86c25d-0663-4163-9e04-fde18fbb5673",
          "title": "Pruebas Calls",
          "fullFile": "",
          "file": "",
          "beforeHooks": [],
          "afterHooks": [],
          "tests": [
            {
              "title": "TC 801 - Verificar que al dejar los campos obligatorios vacíos el usuario no puede crear una llamada",
              "fullTitle": "Pruebas Calls TC 801 - Verificar que al dejar los campos obligatorios vacíos el usuario no puede crear una llamada",
              "timedOut": null,
              "duration": 23664,
              "state": "passed",
              "speed": "slow",
              "pass": true,
              "fail": false,
              "pending": false,
              "context": null,
              "code": "cy.task('log', 'Verificando que no se puede crear una llamada con campos vacíos');\ncalls_elements.menuCalls().click();\ncalls_elements.submenuCalls().click();\ncalls_elements.submenuCreateCall().click({\n  force: true\n});\ncalls_elements.setIframe().then(() => {\n  calls_elements.parentNameField().clear().type('Review needs');\n  calls_elements.saveButton().click();\n  calls_elements.errorMessage().should('contain.text', 'Missing required field: Subject');\n  cy.task('log', 'se mostró el mensaje de error adecuado.');\n});",
              "err": {},
              "uuid": "974b1358-250d-41aa-89ac-871fb2930056",
              "parentUUID": "5c86c25d-0663-4163-9e04-fde18fbb5673",
              "isHook": false,
              "skipped": false
            },
            {
              "title": "TC 802 - Verificar que al llenar todos los campos obligatorios y hacer click en cancelar nos redirija a la lista de llamadas",
              "fullTitle": "Pruebas Calls TC 802 - Verificar que al llenar todos los campos obligatorios y hacer click en cancelar nos redirija a la lista de llamadas",
              "timedOut": null,
              "duration": 12162,
              "state": "passed",
              "speed": "slow",
              "pass": true,
              "fail": false,
              "pending": false,
              "context": null,
              "code": "cy.task('log', 'Verificando que al cancelar, se redirige a la lista de llamadas');\ncalls_elements.menuCalls().click();\ncalls_elements.submenuCalls().click();\ncalls_elements.submenuCreateCall().click({\n  force: true\n});\ncalls_elements.setIframe().then(() => {\n  calls_elements.parentNameField().clear().type('Review needs');\n  calls_elements.description().type('prueba llamadas');\n  calls_elements.cancel().click();\n  cy.url().should('include', '/calls');\n  cy.task('log', 'se redirigió a la lista de llamadas.');\n});",
              "err": {},
              "uuid": "01bf738a-caa4-4503-b81e-6290ed57144b",
              "parentUUID": "5c86c25d-0663-4163-9e04-fde18fbb5673",
              "isHook": false,
              "skipped": false
            },
            {
              "title": "TC 803 - Verificar que al dejar los campos obligatorios vacíos el usuario no puede crear un invitado",
              "fullTitle": "Pruebas Calls TC 803 - Verificar que al dejar los campos obligatorios vacíos el usuario no puede crear un invitado",
              "timedOut": null,
              "duration": 13643,
              "state": "passed",
              "speed": "slow",
              "pass": true,
              "fail": false,
              "pending": false,
              "context": null,
              "code": "cy.task('log', 'Verificando que no se puede crear un invitado con campos vacíos');\ncalls_elements.menuCalls().click();\ncalls_elements.submenuCalls().click();\ncalls_elements.submenuCreateCall().click({\n  force: true\n});\ncalls_elements.setIframe().then(() => {\n  calls_elements.createInviteeAsContact().click();\n  calls_elements.inviteeFirstNameField().clear().type('Lia');\n  calls_elements.inviteeEmailField().clear().type('tom@gmail.com');\n  calls_elements.createInviteeButton().click();\n  calls_elements.inviteeLastNameError().should('contain.text', 'Missing required field: Last Name');\n  cy.task('log', ' se mostró el mensaje de error para el campo de apellido.');\n});",
              "err": {},
              "uuid": "df538a67-036b-4f4c-ac53-5f0dd75feb4a",
              "parentUUID": "5c86c25d-0663-4163-9e04-fde18fbb5673",
              "isHook": false,
              "skipped": false
            },
            {
              "title": "TC 804 - Verificar que al buscar un contacto inexistente muestre el mensaje “Sorry, no results were found. Please create an invitee below.”",
              "fullTitle": "Pruebas Calls TC 804 - Verificar que al buscar un contacto inexistente muestre el mensaje “Sorry, no results were found. Please create an invitee below.”",
              "timedOut": null,
              "duration": 16716,
              "state": "passed",
              "speed": "slow",
              "pass": true,
              "fail": false,
              "pending": false,
              "context": null,
              "code": "cy.task('log', 'Verificando que se muestra un mensaje al buscar un contacto inexistente');\ncalls_elements.menuCalls().click();\ncalls_elements.submenuCalls().click();\ncalls_elements.submenuCreateCall().click({\n  force: true\n});\ncalls_elements.setIframe().then(() => {\n  calls_elements.searchfirstname().clear().type('Negan');\n  calls_elements.searchlastname().clear().type('Ramit');\n  calls_elements.saveButton().click();\n  calls_elements.emptySearchMessage().should('contain.text', 'Sorry, no results were found. Please create an invitee below.');\n  cy.task('log', 'se mostró el mensaje de no resultados.');\n});",
              "err": {},
              "uuid": "63dfea5a-5cfa-4f2e-82b5-950c071bceef",
              "parentUUID": "5c86c25d-0663-4163-9e04-fde18fbb5673",
              "isHook": false,
              "skipped": false
            },
            {
              "title": "TC 805 - Verificar que al buscar una llamada con los datos correctos devuelve solo esa llamada",
              "fullTitle": "Pruebas Calls TC 805 - Verificar que al buscar una llamada con los datos correctos devuelve solo esa llamada",
              "timedOut": null,
              "duration": 0,
              "state": "pending",
              "speed": null,
              "pass": false,
              "fail": false,
              "pending": true,
              "context": null,
              "code": "cy.task('log', 'Verificando la búsqueda de una llamada con datos correctos');\ncalls_elements.menuCalls().click();\ncalls_elements.submenuCalls().click();\ncalls_elements.filterSettingsButton().click();\ncalls_elements.filterCallSubject().clear().type('Left a message');\ncy.get(':nth-child(2) > .d-flex > :nth-child(2) > .field > .dynamic-field > scrm-varchar-filter.ng-star-inserted > .form-control').clear().type('JCB Banking Inc');\ncy.get('#pn_id_9 > .p-multiselect-label-container > .p-multiselect-label').click();\ncy.get('.p-inputtext').clear().type('chris');\ncy.get('.filter-button').click();\ncy.get('body > app-root > div > scrm-list > div > scrm-list-container > div > div > div > scrm-table > div > scrm-table-body > div > div > p').should('exist').and($tableBody => {\n  const rows = $tableBody.find('table > tbody > tr');\n  expect(rows.length).to.be.greaterThan(0);\n});\ncy.task('log', 'Verificación completa: se devolvieron resultados correctos de la búsqueda.');",
              "err": {},
              "uuid": "2663771e-d6cd-43a2-b100-9de149a1664b",
              "parentUUID": "5c86c25d-0663-4163-9e04-fde18fbb5673",
              "isHook": false,
              "skipped": false
            },
            {
              "title": "FTC 806 - Verificar que al presionar sobre un “>” avance a los siguientes 20 llamadas",
              "fullTitle": "Pruebas Calls FTC 806 - Verificar que al presionar sobre un “>” avance a los siguientes 20 llamadas",
              "timedOut": null,
              "duration": 15361,
              "state": "passed",
              "speed": "slow",
              "pass": true,
              "fail": false,
              "pending": false,
              "context": null,
              "code": "cy.task('log', 'Verificando paginación hacia adelante');\ncalls_elements.menuCalls().click();\ncalls_elements.submenuCalls().click();\ncalls_elements.paginationNextButton().click();\ncy.task('log', 'se avanzó a la siguiente página de llamadas.');",
              "err": {},
              "uuid": "c201d81f-6a93-49d6-b859-817997388e13",
              "parentUUID": "5c86c25d-0663-4163-9e04-fde18fbb5673",
              "isHook": false,
              "skipped": false
            },
            {
              "title": "FTC 807 - Verificar que al presionar sobre un “>>” avance al final de las llamadas",
              "fullTitle": "Pruebas Calls FTC 807 - Verificar que al presionar sobre un “>>” avance al final de las llamadas",
              "timedOut": null,
              "duration": 16781,
              "state": "passed",
              "speed": "slow",
              "pass": true,
              "fail": false,
              "pending": false,
              "context": null,
              "code": "cy.task('log', 'Verificando paginación al final');\ncalls_elements.menuCalls().click();\ncalls_elements.submenuCalls().click();\ncalls_elements.paginationLastButton().click();\ncy.task('log', 'se avanzó al final de la lista de llamadas.');",
              "err": {},
              "uuid": "170e1a12-b6ea-405b-9080-099f3f1015d1",
              "parentUUID": "5c86c25d-0663-4163-9e04-fde18fbb5673",
              "isHook": false,
              "skipped": false
            }
          ],
          "suites": [],
          "passes": [
            "974b1358-250d-41aa-89ac-871fb2930056",
            "01bf738a-caa4-4503-b81e-6290ed57144b",
            "df538a67-036b-4f4c-ac53-5f0dd75feb4a",
            "63dfea5a-5cfa-4f2e-82b5-950c071bceef",
            "c201d81f-6a93-49d6-b859-817997388e13",
            "170e1a12-b6ea-405b-9080-099f3f1015d1"
          ],
          "failures": [],
          "pending": [
            "2663771e-d6cd-43a2-b100-9de149a1664b"
          ],
          "skipped": [],
          "duration": 98327,
          "root": false,
          "rootEmpty": false,
          "_timeout": 2000
        }
      ],
      "passes": [],
      "failures": [],
      "pending": [],
      "skipped": [],
      "duration": 0,
      "root": true,
      "rootEmpty": true,
      "_timeout": 2000
    }
  ],
  "meta": {
    "mocha": {
      "version": "7.0.1"
    },
    "mochawesome": {
      "options": {
        "quiet": false,
        "reportFilename": "mochawesome",
        "saveHtml": true,
        "saveJson": true,
        "consoleReporter": "spec",
        "useInlineDiffs": false,
        "code": true
      },
      "version": "7.1.3"
    },
    "marge": {
      "options": {
        "reportDir": "cypress/reports",
        "overwrite": false,
        "html": true,
        "json": true
      },
      "version": "6.2.0"
    }
  }
}