{
  "stats": {
    "suites": 1,
    "tests": 3,
    "passes": 3,
    "pending": 0,
    "failures": 0,
    "start": "2024-10-03T21:47:26.917Z",
    "end": "2024-10-03T21:48:13.373Z",
    "duration": 46456,
    "testsRegistered": 3,
    "passPercent": 100,
    "pendingPercent": 0,
    "other": 0,
    "hasOther": false,
    "skipped": 0,
    "hasSkipped": false
  },
  "results": [
    {
      "uuid": "4a8203df-0964-4b85-9f6d-fb0bfa1c5bef",
      "title": "",
      "fullFile": "cypress\\e2e\\opportunities_tests\\opportunities.cy.js",
      "file": "cypress\\e2e\\opportunities_tests\\opportunities.cy.js",
      "beforeHooks": [],
      "afterHooks": [],
      "tests": [],
      "suites": [
        {
          "uuid": "9db7d8f6-f5c1-4690-95c2-feaec7d16675",
          "title": "Pruebas Opportunities",
          "fullFile": "",
          "file": "",
          "beforeHooks": [],
          "afterHooks": [],
          "tests": [
            {
              "title": "TC 601 - Verificar que al borrar el filtro aplicado se listen todas las oportunidades creadas",
              "fullTitle": "Pruebas Opportunities TC 601 - Verificar que al borrar el filtro aplicado se listen todas las oportunidades creadas",
              "timedOut": null,
              "duration": 22491,
              "state": "passed",
              "speed": "slow",
              "pass": true,
              "fail": false,
              "pending": false,
              "context": null,
              "code": "opportunity_element.opportunity_submenu_view.click({\n  force: true\n});\ncy.url().should('include', '#/opportunities');\ncy.task('log', 'El la pestaña Opportunity');\nopportunity_element.opportunity_tittle_page.should('be.visible');\nopportunity_element.opportunity_button_filter_general.click();\ncy.url().should('include', '#/opportunities');\nopportunity_element.opportunity_button_search_account_name.click({\n  force: true\n}).wait(1000);\n(0, _utils.search_account_name_element)('a.clickable.field-link > scrm-varchar-detail.ng-star-inserted', 'Trait Institute Inc', 5);\ncy.task('log', 'Filtro Name Account seleccionado');\nopportunity_element.opportunity_button_search_filter.should('contain.text', 'Search').click().wait(1000);\nopportunity_element.opportunity_column_account_name.each($el => {\n  const text = $el.text().trim();\n  expect(text).to.include('Trait Institute Inc');\n});\ncy.task('log', 'Filtro verificado');\ncy.url().should('include', '/#/opportunities/index?return_module=Opportunities&return_action=DetailView');\nopportunity_element.opportunity_button_filter_general.click();\ncy.url().should('include', '/#/opportunities/index?return_module=Opportunities&return_action=DetailView');\nopportunity_element.opportunity_button_clear_filter.click();\ncy.task('log', 'Filtro limpiado');\nopportunity_element.opportunity_button_search_filter.should('contain.text', 'Search').click().wait(1000);\nopportunity_element.opportunity_column_account_name.should('not.be.empty');\ncy.task('log', 'Lista completa verificada');\ncy.url().should('include', '/#/opportunities/index?return_module=Opportunities&return_action=DetailView');",
              "err": {},
              "uuid": "d637bafb-b378-429b-8306-c608bbea44f0",
              "parentUUID": "9db7d8f6-f5c1-4690-95c2-feaec7d16675",
              "isHook": false,
              "skipped": false
            },
            {
              "title": "TC  602 - Verificar que al no llenar los campos obligatorios en formulario de creación no permita crear la oportunidad",
              "fullTitle": "Pruebas Opportunities TC  602 - Verificar que al no llenar los campos obligatorios en formulario de creación no permita crear la oportunidad",
              "timedOut": null,
              "duration": 10439,
              "state": "passed",
              "speed": "slow",
              "pass": true,
              "fail": false,
              "pending": false,
              "context": null,
              "code": "opportunity_element.opportunity_submenu_create.click({\n  force: true\n});\ncy.task('log', 'El la pestaña Opportunity');\ncy.url().should('include', '/#/opportunities/edit?return_module=Opportunities&return_action=DetailView');\nopportunity_element.opportunity_text_form_create.should('be.visible');\nopportunity_element.opportunity_amount_select_form_create.select('USD');\ncy.task('log', 'Amount en USD seleccionado');\ncy.fixture('opportunity_data.json').then(opportunity_data => {\n  opportunity_element.opportunity_amount_form_create.should('be.visible').click().type(opportunity_data.opportunity_amount);\n  opportunity_element.opportunity_probability_form_create.should('be.visible').click().type(opportunity_data.opportunity_probability);\n  opportunity_element.opportunity_next_step_form_create.should('be.visible').click().type(opportunity_data.opportunity_next_step);\n});\ncy.task('log', 'Campos llenados');\nopportunity_element.opportunity_button_save_create.should('be.visible').click();\nopportunity_element.opportunity_create_message_alert.should('contain', 'There are validation errors, unable to perform action.').and('be.visible');\ncy.task('log', 'Mensaje de error verificado');",
              "err": {},
              "uuid": "604549ad-619d-47d5-bc3d-31cd498ad423",
              "parentUUID": "9db7d8f6-f5c1-4690-95c2-feaec7d16675",
              "isHook": false,
              "skipped": false
            },
            {
              "title": "FTC 604 - Verificar que al presionar el icono de mensaje se muestre un formulario para mandar un correo electrónico",
              "fullTitle": "Pruebas Opportunities FTC 604 - Verificar que al presionar el icono de mensaje se muestre un formulario para mandar un correo electrónico",
              "timedOut": null,
              "duration": 13395,
              "state": "passed",
              "speed": "slow",
              "pass": true,
              "fail": false,
              "pending": false,
              "context": null,
              "code": "opportunity_element.opportunity_option_submenu.should('be.visible').click();\ncy.url().should('include', '#/opportunities');\ncy.task('log', 'El la pestaña Opportunity');\nopportunity_element.opportunity_tittle_page.should('be.visible');\nopportunity_element.opportunity_column_account_name.should('not.be.empty');\ncy.task('log', 'Listado de Opportunity');\nopportunity_element.opportunity_button_filter_general.click();\ncy.fixture('opportunity_data.json').then(opportunity_data => {\n  opportunity_element.opportunity_name_form_search.should('be.visible').click().type(opportunity_data.opportunity_name);\n});\nopportunity_element.opportunity_button_search.click().wait(1000);\nopportunity_element.opportunity_column_account_name.each($el => {\n  const text = $el.text().trim();\n  expect(text).to.include('Trait Institute Inc');\n});\nopportunity_element.opportunity_button_compose_email.click();\ncy.task('log', 'Formulario de email desplegado');\ncy.url().should('include', '/#/emails/compose?return_module=Opportunities&return_action=index');",
              "err": {},
              "uuid": "b0033626-db64-47e8-84fe-e18e426b8251",
              "parentUUID": "9db7d8f6-f5c1-4690-95c2-feaec7d16675",
              "isHook": false,
              "skipped": false
            }
          ],
          "suites": [],
          "passes": [
            "d637bafb-b378-429b-8306-c608bbea44f0",
            "604549ad-619d-47d5-bc3d-31cd498ad423",
            "b0033626-db64-47e8-84fe-e18e426b8251"
          ],
          "failures": [],
          "pending": [],
          "skipped": [],
          "duration": 46325,
          "root": false,
          "rootEmpty": false,
          "_timeout": 2000
        }
      ],
      "passes": [],
      "failures": [],
      "pending": [],
      "skipped": [],
      "duration": 0,
      "root": true,
      "rootEmpty": true,
      "_timeout": 2000
    }
  ],
  "meta": {
    "mocha": {
      "version": "7.0.1"
    },
    "mochawesome": {
      "options": {
        "quiet": false,
        "reportFilename": "mochawesome",
        "saveHtml": true,
        "saveJson": true,
        "consoleReporter": "spec",
        "useInlineDiffs": false,
        "code": true
      },
      "version": "7.1.3"
    },
    "marge": {
      "options": {
        "reportDir": "cypress/reports",
        "overwrite": false,
        "html": true,
        "json": true
      },
      "version": "6.2.0"
    }
  }
}