{
  "stats": {
    "suites": 1,
    "tests": 1,
    "passes": 0,
    "pending": 0,
    "failures": 1,
    "start": "2024-10-03T21:57:14.765Z",
    "end": "2024-10-03T21:57:38.665Z",
    "duration": 23900,
    "testsRegistered": 8,
    "passPercent": 0,
    "pendingPercent": 0,
    "other": 0,
    "hasOther": false,
    "skipped": 7,
    "hasSkipped": true
  },
  "results": [
    {
      "uuid": "41492c96-ab52-418a-a53f-47e16af127ba",
      "title": "",
      "fullFile": "cypress\\e2e\\contacts_tests\\contacts.cy.js",
      "file": "cypress\\e2e\\contacts_tests\\contacts.cy.js",
      "beforeHooks": [],
      "afterHooks": [],
      "tests": [],
      "suites": [
        {
          "uuid": "7d8e2e88-73b7-41b7-a4fa-56db088af3d4",
          "title": "Pruebas Contacts ",
          "fullFile": "",
          "file": "",
          "beforeHooks": [],
          "afterHooks": [],
          "tests": [
            {
              "title": "TC 401 - Verificar que al presionar sobre el título de cualquier columna que sea ordenable entonces el sistema ordenará los registros según los valores de ese campo en orden ascendente",
              "fullTitle": "Pruebas Contacts  TC 401 - Verificar que al presionar sobre el título de cualquier columna que sea ordenable entonces el sistema ordenará los registros según los valores de ese campo en orden ascendente",
              "timedOut": null,
              "duration": 23834,
              "state": "failed",
              "speed": null,
              "pass": false,
              "fail": true,
              "pending": false,
              "context": null,
              "code": "cy.get('.top-nav-link').contains('Contacts').click();\ncy.url().should('include', 'contacts');\ncontacts_elements.contact_table.should('be.visible');\ncy.task('log', 'Presionar dobleclick para acceder al orden ascendente');\ncontacts_elements.order_button.dblclick();\ncy.wait(4000);\ncontacts_elements.name_column.then(elements => {\n  const actualOrder = [...elements].map(el => el.innerText.trim());\n  cy.task('log', 'Contactos ordenados según la función: ' + JSON.stringify(actualOrder));\n  const sortedOrder = actualOrder.sort();\n  cy.task('log', 'Ordenar resultados en caso de error para su verificación: ' + JSON.stringify(sortedOrder));\n  expect(actualOrder).to.deep.equal(sortedOrder);\n});",
              "err": {
                "message": "AssertionError: Timed out retrying after 15000ms: expected 'https://suite8demo.suiteondemand.com/#/Login' to include '/#/home'\n\nThis error occurred while creating the session. Because the session setup failed, we failed the test.\n\nBecause this error occurred during a `before each` hook we are skipping the remaining tests in the current suite: `Pruebas Contacts `",
                "estack": "AssertionError: Timed out retrying after 15000ms: expected 'https://suite8demo.suiteondemand.com/#/Login' to include '/#/home'\n\nThis error occurred while creating the session. Because the session setup failed, we failed the test.\n\nBecause this error occurred during a `before each` hook we are skipping the remaining tests in the current suite: `Pruebas Contacts `\n    at Context.eval (webpack:///./cypress/support/commands.js:45:13)",
                "diff": null
              },
              "uuid": "b6ca6323-f42d-4802-8238-2ec3de54b624",
              "parentUUID": "7d8e2e88-73b7-41b7-a4fa-56db088af3d4",
              "isHook": false,
              "skipped": false
            },
            {
              "title": "TC 402 - Verificar que al presionar sobre el título de cualquier columna que sea ordenable entonces el sistema ordenará los registros según los valores de ese campo en orden descendente",
              "fullTitle": "Pruebas Contacts  TC 402 - Verificar que al presionar sobre el título de cualquier columna que sea ordenable entonces el sistema ordenará los registros según los valores de ese campo en orden descendente",
              "timedOut": null,
              "duration": 0,
              "state": "skipped",
              "speed": null,
              "pass": false,
              "fail": false,
              "pending": false,
              "context": null,
              "code": "cy.get('.top-nav-link').contains('Contacts').click();\ncy.url().should('include', 'contacts');\ncontacts_elements.contact_table.should('be.visible');\ncontacts_elements.order_button.click();\ncy.wait(3000);\ncontacts_elements.name_column.then(elements => {\n  const actualOrder = [...elements].map(el => el.innerText.trim());\n  cy.task('log', 'Contactos ordenados según la funcción: ' + JSON.stringify(actualOrder));\n  const sortedOrder = actualOrder.sort((a, b) => b - a);\n  cy.task('log', 'Ordenar resultados en caso de error para su verificación: ' + JSON.stringify(sortedOrder));\n  expect(actualOrder).to.deep.equal(sortedOrder);\n});",
              "err": {},
              "uuid": "ecf57b1e-0cab-4adc-896b-a6e53e33a593",
              "parentUUID": "7d8e2e88-73b7-41b7-a4fa-56db088af3d4",
              "isHook": false,
              "skipped": true
            },
            {
              "title": "TC 403 - Verificar que al llenar campo “First Name” del formulario de filtro, el sistema devuelva lo estipulado",
              "fullTitle": "Pruebas Contacts  TC 403 - Verificar que al llenar campo “First Name” del formulario de filtro, el sistema devuelva lo estipulado",
              "timedOut": null,
              "duration": 0,
              "state": "skipped",
              "speed": null,
              "pass": false,
              "fail": false,
              "pending": false,
              "context": null,
              "code": "cy.visit('/#/contacts');\ncontacts_elements.contact_table.should('be.visible');\ncy.task('log', 'Acceder a formulario [Filtrar contactos]');\ncontacts_elements.filter.should('be.visible').click();\ncy.task('log', 'Ingreso de valor \"Ol\" en campo [First Name]');\ncontacts_elements.filter_placeholder.type('Ol');\ncy.contains('scrm-label.ng-star-inserted', 'Search').click();\ncy.get('td.cdk-cell.cdk-column-name.column-name.column-type-name.ng-star-inserted > scrm-field > scrm-dynamic-field > a > scrm-varchar-detail:contains(\"Ol\")').should('exist');",
              "err": {},
              "uuid": "cbd9eb29-f11e-4e27-bb00-1b19771e0ad2",
              "parentUUID": "7d8e2e88-73b7-41b7-a4fa-56db088af3d4",
              "isHook": false,
              "skipped": true
            },
            {
              "title": "TC 404 - Verificar que al presionar el button \"next\" de paginación, el contador de los resultados cambia de valor",
              "fullTitle": "Pruebas Contacts  TC 404 - Verificar que al presionar el button \"next\" de paginación, el contador de los resultados cambia de valor",
              "timedOut": null,
              "duration": 0,
              "state": "skipped",
              "speed": null,
              "pass": false,
              "fail": false,
              "pending": false,
              "context": null,
              "code": "cy.visit('/#/contacts');\ncontacts_elements.title_contact.should('contain.text', 'CONTACTS');\ncontacts_elements.pagination_contact.should('contain.text', '(1 - 20');\ncontacts_elements.pagination_button.last().click();\ncy.task('log', 'Verificación de contador de siguiente página de contactos');\ncontacts_elements.pagination_contact.should('contain.text', '(21 - 40 of 200)');",
              "err": {},
              "uuid": "54a4ff20-5181-4eed-9685-eceb26c71a8c",
              "parentUUID": "7d8e2e88-73b7-41b7-a4fa-56db088af3d4",
              "isHook": false,
              "skipped": true
            },
            {
              "title": "TC 405 - Verificar que al presionar ícono \">>\" estemos en la última vista de paginación",
              "fullTitle": "Pruebas Contacts  TC 405 - Verificar que al presionar ícono \">>\" estemos en la última vista de paginación",
              "timedOut": null,
              "duration": 0,
              "state": "skipped",
              "speed": null,
              "pass": false,
              "fail": false,
              "pending": false,
              "context": null,
              "code": "cy.visit('/#/contacts');\ncontacts_elements.title_contact.should('contain.text', 'CONTACTS');\ncy.wait(2000);\ncontacts_elements.pagination_full_button.first().click();\ncy.wait(1000);\ncy.task('log', 'Verificando contador de última página de contactos');\ncontacts_elements.pagination_contact.first().invoke('text').then(elements => {\n  const pagination = elements.match(/[\\d]+|[^\\w\\s]/g);\n  cy.log(JSON.stringify(pagination));\n  expect(pagination[3]).to.equal(pagination[pagination.length - 2]);\n});",
              "err": {},
              "uuid": "736a432c-b203-442e-b4b8-e6fdb4ad1d58",
              "parentUUID": "7d8e2e88-73b7-41b7-a4fa-56db088af3d4",
              "isHook": false,
              "skipped": true
            },
            {
              "title": "TC 406 - Verificar que al dejar el campo obligatorio vacío el usuario no puede crear un contacto.",
              "fullTitle": "Pruebas Contacts  TC 406 - Verificar que al dejar el campo obligatorio vacío el usuario no puede crear un contacto.",
              "timedOut": null,
              "duration": 0,
              "state": "skipped",
              "speed": null,
              "pass": false,
              "fail": false,
              "pending": false,
              "context": null,
              "code": "contacts_elements.createContactButton.click({\n  force: true\n});\ncontacts_elements.verifyContactFormPage();\ncontacts_elements.contact_page.should('contain.text', 'OVERVIEW').and('be.visible');\ncy.task('log', 'Ingresando los datos del contacto a crear');\ncy.fixture('contact_data.json').then(contact_data => {\n  contacts_elements.name_contact.should('be.visible').type(contact_data.contact_name);\n  contacts_elements.phone_contact.type(contact_data.contact_office_phone);\n  contacts_elements.mobile_contact.type(contact_data.contact_mobile);\n  contacts_elements.jobTitle_contact.type(contact_data.contact_job_title);\n  contacts_elements.department_contact.type(contact_data.contact_department);\n  contacts_elements.fax_contact.type(contact_data.contact_fax);\n  contacts_elements.address_contact.type(contact_data.contact_primary_adress_street);\n  contacts_elements.postal_contact.type(contact_data.contact_postal);\n  contacts_elements.city_contact.type(contact_data.contact_city);\n  contacts_elements.state_contact.type(contact_data.contact_state);\n  contacts_elements.country_contact.type(contact_data.contact_country);\n  contacts_elements.description_contact.type(contact_data.contact_description);\n  contacts_elements.save_contact_button.click();\n  cy.task('log', 'Verificando mensajes de advertencia...');\n  contacts_elements.alert.should('exist').and('be.visible');\n  contacts_elements.create_contact_error.should('contain.text', 'Missing required field: Last Name').and('be.visible');\n});",
              "err": {},
              "uuid": "a5e632e8-2cdc-45a5-99b8-5a5fc546c701",
              "parentUUID": "7d8e2e88-73b7-41b7-a4fa-56db088af3d4",
              "isHook": false,
              "skipped": true
            },
            {
              "title": "TC 407 - Verificar que al presionar ícono \"Editar\" se muestre el formulario de detalles de un contacto",
              "fullTitle": "Pruebas Contacts  TC 407 - Verificar que al presionar ícono \"Editar\" se muestre el formulario de detalles de un contacto",
              "timedOut": null,
              "duration": 0,
              "state": "skipped",
              "speed": null,
              "pass": false,
              "fail": false,
              "pending": false,
              "context": null,
              "code": "cy.visit('/#/contacts');\ncy.get('scrm-varchar-detail').first().click();\ncy.get('.record-action-button.ng-star-inserted').first().click();\ncy.task('log', 'Verificar visualización de formulario [Editar contacto]');\ncy.get('.field-layout.edit').should('exist');",
              "err": {},
              "uuid": "2de17f38-969f-4251-9260-374e698150bf",
              "parentUUID": "7d8e2e88-73b7-41b7-a4fa-56db088af3d4",
              "isHook": false,
              "skipped": true
            },
            {
              "title": "FTC 408 - Verificar que al no llenar ningún campo el sistema muestra mensaje de advertencia \"Missing required field: Last Name\"",
              "fullTitle": "Pruebas Contacts  FTC 408 - Verificar que al no llenar ningún campo el sistema muestra mensaje de advertencia \"Missing required field: Last Name\"",
              "timedOut": null,
              "duration": 0,
              "state": "skipped",
              "speed": null,
              "pass": false,
              "fail": false,
              "pending": false,
              "context": null,
              "code": "cy.task('log', 'Acceder a formulario [Crear contacto]');\ncontacts_elements.createContactButton.click({\n  force: true\n});\ncontacts_elements.verifyContactFormPage();\ncontacts_elements.contact_label.should('contain.text', 'Create');\ncy.task('log', 'Presionar save sin llenar ningún campo');\ncontacts_elements.save_contact_button.click();\ncy.task('log', 'Visualización mensaje de advertencia');\ncontacts_elements.create_contact_error.should('be.visible');",
              "err": {},
              "uuid": "254aeab1-17a7-49c1-aefe-6cb0a6a7f27d",
              "parentUUID": "7d8e2e88-73b7-41b7-a4fa-56db088af3d4",
              "isHook": false,
              "skipped": true
            }
          ],
          "suites": [],
          "passes": [],
          "failures": [
            "b6ca6323-f42d-4802-8238-2ec3de54b624"
          ],
          "pending": [],
          "skipped": [
            "ecf57b1e-0cab-4adc-896b-a6e53e33a593",
            "cbd9eb29-f11e-4e27-bb00-1b19771e0ad2",
            "54a4ff20-5181-4eed-9685-eceb26c71a8c",
            "736a432c-b203-442e-b4b8-e6fdb4ad1d58",
            "a5e632e8-2cdc-45a5-99b8-5a5fc546c701",
            "2de17f38-969f-4251-9260-374e698150bf",
            "254aeab1-17a7-49c1-aefe-6cb0a6a7f27d"
          ],
          "duration": 23834,
          "root": false,
          "rootEmpty": false,
          "_timeout": 2000
        }
      ],
      "passes": [],
      "failures": [],
      "pending": [],
      "skipped": [],
      "duration": 0,
      "root": true,
      "rootEmpty": true,
      "_timeout": 2000
    }
  ],
  "meta": {
    "mocha": {
      "version": "7.0.1"
    },
    "mochawesome": {
      "options": {
        "quiet": false,
        "reportFilename": "mochawesome",
        "saveHtml": true,
        "saveJson": true,
        "consoleReporter": "spec",
        "useInlineDiffs": false,
        "code": true
      },
      "version": "7.1.3"
    },
    "marge": {
      "options": {
        "reportDir": "cypress/reports",
        "overwrite": false,
        "html": true,
        "json": true
      },
      "version": "6.2.0"
    }
  }
}