{
  "stats": {
    "suites": 1,
    "tests": 26,
    "passes": 25,
    "pending": 2,
    "failures": -1,
    "start": "2024-10-03T21:48:15.178Z",
    "end": "2024-10-03T21:52:55.084Z",
    "duration": 279906,
    "testsRegistered": 27,
    "passPercent": 100,
    "pendingPercent": 7.4074074074074066,
    "other": 1,
    "hasOther": true,
    "skipped": 0,
    "hasSkipped": false
  },
  "results": [
    {
      "uuid": "962443f8-7853-41b7-b911-c67091b94188",
      "title": "",
      "fullFile": "cypress\\e2e\\home_tests\\home.cy.js",
      "file": "cypress\\e2e\\home_tests\\home.cy.js",
      "beforeHooks": [],
      "afterHooks": [],
      "tests": [],
      "suites": [
        {
          "uuid": "7b40edf6-e3e8-4f17-93ca-a35062618ae5",
          "title": "Pruebas Home",
          "fullFile": "",
          "file": "",
          "beforeHooks": [],
          "afterHooks": [],
          "tests": [
            {
              "title": "TC 701 - Verificar que al buscar un nombre inexistente, el sistema muestre el mensaje \"No results matching your search criteria.\"",
              "fullTitle": "Pruebas Home TC 701 - Verificar que al buscar un nombre inexistente, el sistema muestre el mensaje \"No results matching your search criteria.\"",
              "timedOut": null,
              "duration": 17527,
              "state": "passed",
              "speed": "slow",
              "pass": true,
              "fail": false,
              "pending": false,
              "context": null,
              "code": "home_elements.search_input.type('Nivea{enter}');\ncy.task('log', 'Verificando que la URL sea la correcta');\ncy.url().should('include', '/search?query_string=Nivea');\ncy.getIframe('iframe').then($iframeBody => {\n  cy.wrap($iframeBody).find('#pagecontent > div.moduleTitle > h2').should('be.visible');\n  cy.task('log', 'Verificando el mensaje de \"No results matching your search criteria.\"');\n  home_elements.no_results_message.should('be.visible').and('contain.text', 'No results matching your search criteria. Try broadening your search.');\n});",
              "err": {},
              "uuid": "78b34915-9317-414c-879c-d4be87a56ea7",
              "parentUUID": "7b40edf6-e3e8-4f17-93ca-a35062618ae5",
              "isHook": false,
              "skipped": false
            },
            {
              "title": "TC 702 - Verificar que al buscar un nombre que existe, el sistema muestre todas las tablas donde existe el nombre",
              "fullTitle": "Pruebas Home TC 702 - Verificar que al buscar un nombre que existe, el sistema muestre todas las tablas donde existe el nombre",
              "timedOut": null,
              "duration": 10893,
              "state": "passed",
              "speed": "slow",
              "pass": true,
              "fail": false,
              "pending": false,
              "context": null,
              "code": "cy.task('log', 'Ingresando nombre existente \"AtoZ\" en la barra de búsqueda');\nhome_elements.search_input.click().type('AtoZ{enter}');\ncy.task('log', 'Verificando que la URL sea la correcta');\ncy.url().should('include', '/search?query_string=AtoZ');\ncy.getIframe('iframe').then($iframeBody => {\n  cy.wrap($iframeBody).find('#pagecontent > div.moduleTitle > h2').should('be.visible');\n  cy.wrap($iframeBody).find('#pagecontent > ul').should('be.visible');\n  cy.task('log', 'Verificando los resultados de búsqueda');\n  home_elements.search_results_table.each($table => {\n    cy.wrap($table).find('tbody > tr').should('have.length.greaterThan', 0);\n    cy.wrap($table).find('tbody > tr').each($row => {\n      cy.wrap($row).find('td:nth-child(2) > a > span').should('be.visible');\n    });\n  });\n});",
              "err": {},
              "uuid": "f4ac9dc3-1f15-4190-8414-e042ba6b1e82",
              "parentUUID": "7b40edf6-e3e8-4f17-93ca-a35062618ae5",
              "isHook": false,
              "skipped": false
            },
            {
              "title": "TC 703 - Verificar que al intentar acceder employees desde el user icon sin permisos, el sistema muestre un “You are not authorized to view this page. Please contact your system administrator.”",
              "fullTitle": "Pruebas Home TC 703 - Verificar que al intentar acceder employees desde el user icon sin permisos, el sistema muestre un “You are not authorized to view this page. Please contact your system administrator.”",
              "timedOut": null,
              "duration": 6836,
              "state": "passed",
              "speed": "medium",
              "pass": true,
              "fail": false,
              "pending": false,
              "context": null,
              "code": "cy.task('log', 'Intentando acceder a Employees sin permisos');\nhome_elements.employees_link.click({\n  force: true\n});\ncy.task('log', 'Verificando el mensaje “You are not authorized to view this page. Please contact your system administrator.\"');\nhome_elements.unauthorized_message.should('be.visible').and('contain.text', 'You are not authorized to view this page. Redirecting to Home Page...');",
              "err": {},
              "uuid": "a083e1c6-3796-4d16-91c9-22705ddad670",
              "parentUUID": "7b40edf6-e3e8-4f17-93ca-a35062618ae5",
              "isHook": false,
              "skipped": false
            },
            {
              "title": "FTC 704 - Verificar que se abra y cierre correctamente el modal de ACCIONS",
              "fullTitle": "Pruebas Home FTC 704 - Verificar que se abra y cierre correctamente el modal de ACCIONS",
              "timedOut": null,
              "duration": 12742,
              "state": "passed",
              "speed": "slow",
              "pass": true,
              "fail": false,
              "pending": false,
              "context": null,
              "code": "home_elements.actions_tab.click({\n  force: true\n}, {\n  timeout: 2000\n});\nhome_elements.add_dashlets_button.click();\ncy.wait(1000);\ncy.task('log', 'Verificando que el modal de Add Dashlet esté visible');\nhome_elements.modal_add_dashlet.should('be.visible');\ncy.task('log', 'Cerrando el modal de Add Dashlet');\nhome_elements.modal_close_button.click({\n  force: true\n});",
              "err": {},
              "uuid": "a52fb72c-379d-4965-b812-acd7ea10b622",
              "parentUUID": "7b40edf6-e3e8-4f17-93ca-a35062618ae5",
              "isHook": false,
              "skipped": false
            },
            {
              "title": "FTC 705 - Verificar que al hacer click en \"Accounts\" nos redirija al apartado correcto",
              "fullTitle": "Pruebas Home FTC 705 - Verificar que al hacer click en \"Accounts\" nos redirija al apartado correcto",
              "timedOut": null,
              "duration": 9704,
              "state": "passed",
              "speed": "medium",
              "pass": true,
              "fail": false,
              "pending": false,
              "context": null,
              "code": "home_elements.accounts_tab.click({\n  force: true\n}, {\n  timeout: 2000\n});\ncy.task('log', 'Verificando que la URL contenga \"accounts\"');\ncy.url().should('include', 'accounts');\ncy.task('log', 'Verificando que el título de la vista de lista sea visible y contenga \"ACCOUNTS\"');\nhome_elements.list_view_title.should('be.visible').and('contain.text', 'ACCOUNTS');\nhome_elements.table_header.should('exist');\nhome_elements.table_actions.should('exist');\nhome_elements.header_row.should('exist');\ncy.task('log', 'Verificando que la tabla no este vacia');\nhome_elements.data_rows.should('have.length.greaterThan', 0);\nhome_elements.header_checkbox.click();",
              "err": {},
              "uuid": "08dc7d72-5403-4627-93c3-3f65fec10acd",
              "parentUUID": "7b40edf6-e3e8-4f17-93ca-a35062618ae5",
              "isHook": false,
              "skipped": false
            },
            {
              "title": "FTC 706 - Verificar que al hacer click en \"Contacts\" nos redirija al apartado correcto",
              "fullTitle": "Pruebas Home FTC 706 - Verificar que al hacer click en \"Contacts\" nos redirija al apartado correcto",
              "timedOut": null,
              "duration": 19032,
              "state": "passed",
              "speed": "slow",
              "pass": true,
              "fail": false,
              "pending": false,
              "context": null,
              "code": "home_elements.contacts_tab.click({\n  force: true\n}, {\n  timeout: 2000\n});\ncy.task('log', 'Verificando que la URL contenga \"contacts\"');\ncy.url().should('include', 'contacts');\ncy.task('log', 'Verificando que el título de la vista de lista sea visible y contenga \"CONTACTS\"');\nhome_elements.list_view_title.should('be.visible').and('contain.text', 'CONTACTS');\nhome_elements.table_header.should('exist');\nhome_elements.table_actions.should('exist');\nhome_elements.header_row.should('exist');\ncy.task('log', 'Verificando que la tabla no este vacia');\nhome_elements.data_rows.should('have.length.greaterThan', 0);\nhome_elements.header_checkbox.click();",
              "err": {},
              "uuid": "85fe984c-26eb-4281-a101-0718ba798c33",
              "parentUUID": "7b40edf6-e3e8-4f17-93ca-a35062618ae5",
              "isHook": false,
              "skipped": false
            },
            {
              "title": "FTC 707 - Verificar que al hacer click en \"Opportunities\" nos redirija al apartado correcto",
              "fullTitle": "Pruebas Home FTC 707 - Verificar que al hacer click en \"Opportunities\" nos redirija al apartado correcto",
              "timedOut": null,
              "duration": 9996,
              "state": "passed",
              "speed": "medium",
              "pass": true,
              "fail": false,
              "pending": false,
              "context": null,
              "code": "home_elements.opportunities_tab.click({\n  force: true\n}, {\n  timeout: 2000\n});\ncy.task('log', 'Verificando que la URL contenga \"opportunities\"');\ncy.url().should('include', 'opportunities');\ncy.task('log', 'Verificando que el título de la vista de lista sea visible y contenga \"OPPORTUNITIES\"');\nhome_elements.list_view_title.should('be.visible').and('contain.text', 'OPPORTUNITIES');\nhome_elements.table_header.should('exist');\nhome_elements.table_actions.should('exist');\nhome_elements.header_row.should('exist');\ncy.task('log', 'Verificando que la tabla no este vacia');\nhome_elements.data_rows.should('have.length.greaterThan', 0);",
              "err": {},
              "uuid": "96ec32c0-134b-4ea2-a1c0-b10352b2dd56",
              "parentUUID": "7b40edf6-e3e8-4f17-93ca-a35062618ae5",
              "isHook": false,
              "skipped": false
            },
            {
              "title": "FTC 708 - Verificar que al hacer click en \"Quotes\" nos redirija al apartado correcto",
              "fullTitle": "Pruebas Home FTC 708 - Verificar que al hacer click en \"Quotes\" nos redirija al apartado correcto",
              "timedOut": null,
              "duration": 10160,
              "state": "passed",
              "speed": "slow",
              "pass": true,
              "fail": false,
              "pending": false,
              "context": null,
              "code": "home_elements.quotes_tab.click({\n  force: true\n}, {\n  timeout: 2000\n});\ncy.task('log', 'Verificando que la URL contenga \"quotes\"');\ncy.url().should('include', 'quotes');\ncy.task('log', 'Verificando que el título de la vista de lista sea visible y contenga \"QUOTES\"');\nhome_elements.list_view_title.should('be.visible').and('contain.text', 'QUOTES');\nhome_elements.table_header.should('exist');\nhome_elements.table_actions.should('exist');\nhome_elements.header_row.should('exist');",
              "err": {},
              "uuid": "56f4e687-a53c-4cc6-a5c8-f34f5f8b9bc4",
              "parentUUID": "7b40edf6-e3e8-4f17-93ca-a35062618ae5",
              "isHook": false,
              "skipped": false
            },
            {
              "title": "FTC 709 - Verificar que al hacer click en \"Calendar\" nos redirija al apartado correcto",
              "fullTitle": "Pruebas Home FTC 709 - Verificar que al hacer click en \"Calendar\" nos redirija al apartado correcto",
              "timedOut": null,
              "duration": 8274,
              "state": "passed",
              "speed": "medium",
              "pass": true,
              "fail": false,
              "pending": false,
              "context": null,
              "code": "home_elements.calendar_tab.click({\n  force: true\n}, {\n  timeout: 2000\n});\ncy.task('log', 'Verificando que la URL contenga \"calendar\"');\ncy.url().should('include', 'calendar');",
              "err": {},
              "uuid": "6daa8667-609e-4725-80ab-6436ff58d722",
              "parentUUID": "7b40edf6-e3e8-4f17-93ca-a35062618ae5",
              "isHook": false,
              "skipped": false
            },
            {
              "title": "FTC 710 - Verificar que al hacer click en \"Documents\" nos redirija al apartado correcto",
              "fullTitle": "Pruebas Home FTC 710 - Verificar que al hacer click en \"Documents\" nos redirija al apartado correcto",
              "timedOut": null,
              "duration": 11948,
              "state": "passed",
              "speed": "slow",
              "pass": true,
              "fail": false,
              "pending": false,
              "context": null,
              "code": "home_elements.documents_tab.click({\n  force: true\n}, {\n  timeout: 2000\n});\ncy.task('log', 'Verificando que la URL contenga \"documents\"');\ncy.url().should('include', 'documents');\ncy.task('log', 'Verificando que el título de la vista de lista sea visible y contenga \"DOCUMENTS\"');\nhome_elements.list_view_title.should('be.visible').and('contain.text', 'DOCUMENTS');\nhome_elements.table_header.should('exist');\nhome_elements.table_actions.should('exist');\nhome_elements.header_row.should('exist');",
              "err": {},
              "uuid": "51bf1fda-5a1d-4161-81ef-a6350aefa83b",
              "parentUUID": "7b40edf6-e3e8-4f17-93ca-a35062618ae5",
              "isHook": false,
              "skipped": false
            },
            {
              "title": "FTC 711 - Verificar que al hacer click en \"Emails\" nos redirija al apartado correcto",
              "fullTitle": "Pruebas Home FTC 711 - Verificar que al hacer click en \"Emails\" nos redirija al apartado correcto",
              "timedOut": null,
              "duration": 13931,
              "state": "passed",
              "speed": "slow",
              "pass": true,
              "fail": false,
              "pending": false,
              "context": null,
              "code": "home_elements.emails_tab.click({\n  force: true\n}, {\n  timeout: 2000\n});\ncy.task('log', 'Verificando que el título de la vista de lista sea visible y contenga \"EMAIL - TEMPLATES\"');\nhome_elements.list_view_title.should('be.visible').and('contain.text', 'EMAIL - TEMPLATES');\nhome_elements.table_header.should('exist');\nhome_elements.table_actions.should('exist');\nhome_elements.header_row.should('exist');\ncy.task('log', 'Verificando que la tabla no este vacia');\nhome_elements.data_rows.should('have.length.greaterThan', 0);",
              "err": {},
              "uuid": "76bf19dd-265d-4699-93d4-4c87eeff000e",
              "parentUUID": "7b40edf6-e3e8-4f17-93ca-a35062618ae5",
              "isHook": false,
              "skipped": false
            },
            {
              "title": "FTC 712 - Verificar que al hacer click en \"Campaigns\" nos redirija al apartado correcto",
              "fullTitle": "Pruebas Home FTC 712 - Verificar que al hacer click en \"Campaigns\" nos redirija al apartado correcto",
              "timedOut": null,
              "duration": 14609,
              "state": "passed",
              "speed": "slow",
              "pass": true,
              "fail": false,
              "pending": false,
              "context": null,
              "code": "home_elements.campaigns_tab.click({\n  force: true\n}, {\n  timeout: 2000\n});\ncy.task('log', 'Verificando que la URL contenga \"campaigns\"');\ncy.url().should('include', 'campaigns');\ncy.task('log', 'Verificando que el título de la vista de lista sea visible y contenga \"CAMPAIGNS\"');\nhome_elements.list_view_title.should('be.visible').and('contain.text', 'CAMPAIGNS');\nhome_elements.table_header.should('exist');\nhome_elements.table_actions.should('exist');\nhome_elements.header_row.should('exist');",
              "err": {},
              "uuid": "dad0b00f-7f26-41ca-95f7-524aeb49afa0",
              "parentUUID": "7b40edf6-e3e8-4f17-93ca-a35062618ae5",
              "isHook": false,
              "skipped": false
            },
            {
              "title": "FTC 713 - Verificar que al hacer click en \"Calls\" nos redirija al apartado correcto",
              "fullTitle": "Pruebas Home FTC 713 - Verificar que al hacer click en \"Calls\" nos redirija al apartado correcto",
              "timedOut": null,
              "duration": 16624,
              "state": "passed",
              "speed": "slow",
              "pass": true,
              "fail": false,
              "pending": false,
              "context": null,
              "code": "home_elements.calls_tab.click({\n  force: true\n}, {\n  timeout: 2000\n});\ncy.task('log', 'Verificando que la URL contenga \"calls\"');\ncy.url().should('include', 'calls');\ncy.task('log', 'Verificando que el título de la vista de lista sea visible y contenga \"CALLS\"');\nhome_elements.list_view_title.should('be.visible').and('contain.text', 'CALLS');\nhome_elements.table_header.should('exist');\nhome_elements.table_actions.should('exist');\nhome_elements.header_row.should('exist');\ncy.task('log', 'Verificando que la tabla no este vacia');\nhome_elements.data_row.should('have.length.greaterThan', 0);",
              "err": {},
              "uuid": "f4b998c5-6344-42a6-bcfc-15ad83a94092",
              "parentUUID": "7b40edf6-e3e8-4f17-93ca-a35062618ae5",
              "isHook": false,
              "skipped": false
            },
            {
              "title": "FTC 714 - Verificar que al hacer click en \"Meetings\" nos redirija al apartado correcto",
              "fullTitle": "Pruebas Home FTC 714 - Verificar que al hacer click en \"Meetings\" nos redirija al apartado correcto",
              "timedOut": null,
              "duration": 9657,
              "state": "passed",
              "speed": "medium",
              "pass": true,
              "fail": false,
              "pending": false,
              "context": null,
              "code": "home_elements.meetings_tab.click({\n  force: true\n}, {\n  timeout: 2000\n});\ncy.task('log', 'Verificando que la URL contenga \"meetings\"');\ncy.url().should('include', 'meetings');\ncy.task('log', 'Verificando que el título de la vista de lista sea visible y contenga \"MEETINGS\"');\nhome_elements.list_view_title.should('be.visible').and('contain.text', 'MEETINGS');\nhome_elements.table_header.should('exist');\nhome_elements.table_actions.should('exist');\nhome_elements.header_row.should('exist');\ncy.task('log', 'Verificando que la tabla no este vacia');\nhome_elements.data_rows2.should('have.length.greaterThan', 0);",
              "err": {},
              "uuid": "b8b9efee-cb6b-4266-b1b5-cbee163cdcee",
              "parentUUID": "7b40edf6-e3e8-4f17-93ca-a35062618ae5",
              "isHook": false,
              "skipped": false
            },
            {
              "title": "FTC 715 - Verificar que al hacer click en \"Tasks\" nos redirija al apartado correcto",
              "fullTitle": "Pruebas Home FTC 715 - Verificar que al hacer click en \"Tasks\" nos redirija al apartado correcto",
              "timedOut": null,
              "duration": 10888,
              "state": "passed",
              "speed": "slow",
              "pass": true,
              "fail": false,
              "pending": false,
              "context": null,
              "code": "home_elements.tasks_tab.click({\n  force: true\n}, {\n  timeout: 2000\n});\ncy.task('log', 'Verificando que la URL contenga \"tasks\"');\ncy.url().should('include', 'tasks');\ncy.task('log', 'Verificando que el título de la vista de lista sea visible y contenga \"TASKS\"');\nhome_elements.list_view_title.should('be.visible').and('contain.text', 'TASKS');\nhome_elements.table_header.should('exist');\nhome_elements.table_actions.should('exist');\nhome_elements.header_row.should('exist');\ncy.task('log', 'Verificando que la tabla no este vacia');\nhome_elements.data_rows3.should('have.length.greaterThan', 0);",
              "err": {},
              "uuid": "26bdad31-9b4c-4dc9-8d0b-eae4f6092041",
              "parentUUID": "7b40edf6-e3e8-4f17-93ca-a35062618ae5",
              "isHook": false,
              "skipped": false
            },
            {
              "title": "FTC 716 - Verificar que al hacer click en \"Notes\" nos redirija al apartado correcto",
              "fullTitle": "Pruebas Home FTC 716 - Verificar que al hacer click en \"Notes\" nos redirija al apartado correcto",
              "timedOut": null,
              "duration": 9133,
              "state": "passed",
              "speed": "medium",
              "pass": true,
              "fail": false,
              "pending": false,
              "context": null,
              "code": "home_elements.notes_tab.click({\n  force: true\n}, {\n  timeout: 2000\n});\ncy.task('log', 'Verificando que la URL contenga \"notes\"');\ncy.url().should('include', 'notes');\ncy.task('log', 'Verificando que el título de la vista de lista sea visible y contenga \"NOTES\"');\nhome_elements.list_view_title.should('be.visible').and('contain.text', 'NOTES');\nhome_elements.table_header.should('exist');\nhome_elements.table_actions.should('exist');\nhome_elements.header_row.should('exist');\ncy.task('log', 'Verificando que la tabla no este vacia');\nhome_elements.data_rows4.should('have.length.greaterThan', 0);",
              "err": {},
              "uuid": "05a3c8e1-7060-4f01-9a6f-43c5b9b03b41",
              "parentUUID": "7b40edf6-e3e8-4f17-93ca-a35062618ae5",
              "isHook": false,
              "skipped": false
            },
            {
              "title": "FTC 717 - Verificar que al hacer click en \"Invoices\" nos redirija al apartado correcto",
              "fullTitle": "Pruebas Home FTC 717 - Verificar que al hacer click en \"Invoices\" nos redirija al apartado correcto",
              "timedOut": null,
              "duration": 10673,
              "state": "passed",
              "speed": "slow",
              "pass": true,
              "fail": false,
              "pending": false,
              "context": null,
              "code": "home_elements.invoices_tab.click({\n  force: true\n}, {\n  timeout: 2000\n});\ncy.task('log', 'Verificando que la URL contenga \"invoices\"');\ncy.url().should('include', 'invoices');\ncy.task('log', 'Verificando que el título de la vista de lista sea visible y contenga \"INVOICES\"');\nhome_elements.list_view_title.should('be.visible').and('contain.text', 'INVOICES');\nhome_elements.table_header.should('exist');\nhome_elements.table_actions.should('exist');\nhome_elements.header_row.should('exist');",
              "err": {},
              "uuid": "7432078d-bb1f-4209-ac34-ed39b7fc67d7",
              "parentUUID": "7b40edf6-e3e8-4f17-93ca-a35062618ae5",
              "isHook": false,
              "skipped": false
            },
            {
              "title": "FTC 718 - Verificar que al hacer click en \"Contracts\" nos redirija al apartado correcto",
              "fullTitle": "Pruebas Home FTC 718 - Verificar que al hacer click en \"Contracts\" nos redirija al apartado correcto",
              "timedOut": null,
              "duration": 11035,
              "state": "passed",
              "speed": "slow",
              "pass": true,
              "fail": false,
              "pending": false,
              "context": null,
              "code": "home_elements.contracts_tab.click({\n  force: true\n}, {\n  timeout: 2000\n});\ncy.task('log', 'Verificando que la URL contenga \"contracts\"');\ncy.url().should('include', 'contracts');\nhome_elements.list_view_title.should('be.visible');\nhome_elements.table_header.should('exist');\nhome_elements.table_actions.should('exist');",
              "err": {},
              "uuid": "ac74735a-8ed7-4a00-bbb0-8edde00f2d45",
              "parentUUID": "7b40edf6-e3e8-4f17-93ca-a35062618ae5",
              "isHook": false,
              "skipped": false
            },
            {
              "title": "FTC 719 - Verificar que al hacer click en \"Cases\" nos redirija al apartado correcto",
              "fullTitle": "Pruebas Home FTC 719 - Verificar que al hacer click en \"Cases\" nos redirija al apartado correcto",
              "timedOut": null,
              "duration": 9272,
              "state": "passed",
              "speed": "medium",
              "pass": true,
              "fail": false,
              "pending": false,
              "context": null,
              "code": "home_elements.cases_tab.click({\n  force: true\n}, {\n  timeout: 2000\n});\ncy.task('log', 'Verificando que la URL contenga \"cases\"');\ncy.url().should('include', 'cases');\nhome_elements.list_view_title.should('be.visible');\nhome_elements.table_header.should('exist');\nhome_elements.header_row.should('be.visible');\ncy.task('log', 'Verificando que la tabla no este vacia');\nhome_elements.table_body.find('tr').should('have.length.greaterThan', 0);",
              "err": {},
              "uuid": "a7876a1f-d420-4312-aaee-43631cb881fe",
              "parentUUID": "7b40edf6-e3e8-4f17-93ca-a35062618ae5",
              "isHook": false,
              "skipped": false
            },
            {
              "title": "FTC 720 - Verificar que al hacer click en \"Targets\" nos redirija al apartado correcto",
              "fullTitle": "Pruebas Home FTC 720 - Verificar que al hacer click en \"Targets\" nos redirija al apartado correcto",
              "timedOut": null,
              "duration": 9419,
              "state": "passed",
              "speed": "medium",
              "pass": true,
              "fail": false,
              "pending": false,
              "context": null,
              "code": "home_elements.targets_tab.click({\n  force: true\n}, {\n  timeout: 2000\n});\ncy.task('log', 'Verificando que la URL contenga \"prospect-lists\"');\ncy.url().should('include', 'prospect-lists');\nhome_elements.list_view_title.should('be.visible');\nhome_elements.table_header.should('exist');\nhome_elements.table_actions.should('exist');\ncy.task('log', 'Verificando que la tabla no este vacia');\nhome_elements.table_body2.find('tr').should('have.length.greaterThan', 0);",
              "err": {},
              "uuid": "5e7f4b26-58b4-459e-869b-e40d691b60aa",
              "parentUUID": "7b40edf6-e3e8-4f17-93ca-a35062618ae5",
              "isHook": false,
              "skipped": false
            },
            {
              "title": "FTC 721 - Verificar que al hacer click en \"Targets - Lists\" nos redirija al apartado correcto",
              "fullTitle": "Pruebas Home FTC 721 - Verificar que al hacer click en \"Targets - Lists\" nos redirija al apartado correcto",
              "timedOut": null,
              "duration": 8566,
              "state": "passed",
              "speed": "medium",
              "pass": true,
              "fail": false,
              "pending": false,
              "context": null,
              "code": "home_elements.nav_link.click();\nhome_elements.targets_tab.click();\nhome_elements.list_view_title.should('be.visible');\nhome_elements.table_actions.should('be.visible');\ncy.task('log', 'Verificando que la tabla no este vacia');\nhome_elements.table_body.find('tr').should('have.length.greaterThan', 0);",
              "err": {},
              "uuid": "82ee5d5a-292e-4f59-be6f-5ab369ae3abc",
              "parentUUID": "7b40edf6-e3e8-4f17-93ca-a35062618ae5",
              "isHook": false,
              "skipped": false
            },
            {
              "title": "FTC 722 - Verificar que al hacer click en \"Projects\" nos redirija al apartado correcto",
              "fullTitle": "Pruebas Home FTC 722 - Verificar que al hacer click en \"Projects\" nos redirija al apartado correcto",
              "timedOut": null,
              "duration": 11466,
              "state": "passed",
              "speed": "slow",
              "pass": true,
              "fail": false,
              "pending": false,
              "context": null,
              "code": "home_elements.nav_link.click();\nhome_elements.projects_tab.click();\nhome_elements.list_view_title.should('be.visible');\nhome_elements.table_actions.should('be.visible');\nhome_elements.header_row.should('be.visible');\ncy.task('log', 'Verificando que la tabla no este vacia');\nhome_elements.table_body.find('tr').should('have.length.greaterThan', 0);",
              "err": {},
              "uuid": "78c6ff40-d9b7-4680-b107-645725006e8c",
              "parentUUID": "7b40edf6-e3e8-4f17-93ca-a35062618ae5",
              "isHook": false,
              "skipped": false
            },
            {
              "title": "FTC 723 - Verificar que al hacer click en \"Events\" nos redirija al apartado correcto",
              "fullTitle": "Pruebas Home FTC 723 - Verificar que al hacer click en \"Events\" nos redirija al apartado correcto",
              "timedOut": null,
              "duration": 9449,
              "state": "passed",
              "speed": "medium",
              "pass": true,
              "fail": false,
              "pending": false,
              "context": null,
              "code": "home_elements.nav_link.click();\nhome_elements.events_tab.click();\nhome_elements.list_view_title.should('be.visible');\nhome_elements.table_actions.should('be.visible');\ncy.task('log', 'Verificando que la tabla no este vacia');\nhome_elements.table_body.find('tr').should('have.length.greaterThan', 0);",
              "err": {},
              "uuid": "6611cbd2-d2b9-4e8f-9931-74e7a503fed9",
              "parentUUID": "7b40edf6-e3e8-4f17-93ca-a35062618ae5",
              "isHook": false,
              "skipped": false
            },
            {
              "title": "FTC 724 - Verificar que al hacer click en \"Reports\" nos redirija al apartado correcto",
              "fullTitle": "Pruebas Home FTC 724 - Verificar que al hacer click en \"Reports\" nos redirija al apartado correcto",
              "timedOut": null,
              "duration": 7261,
              "state": "passed",
              "speed": "medium",
              "pass": true,
              "fail": false,
              "pending": false,
              "context": null,
              "code": "home_elements.nav_link.click();\nhome_elements.reports_tab.click();\nhome_elements.list_view_title.should('be.visible');\nhome_elements.table_actions.should('be.visible');\nhome_elements.header_row.should('be.visible');\ncy.task('log', 'Verificando que la tabla no este vacia');\nhome_elements.table_body.find('tr').should('have.length.greaterThan', 0);",
              "err": {},
              "uuid": "a6ab0325-6c92-4ef7-953d-c28efc0183d3",
              "parentUUID": "7b40edf6-e3e8-4f17-93ca-a35062618ae5",
              "isHook": false,
              "skipped": false
            },
            {
              "title": "FTC 725 - Verificar que al hacer click en \"Products\" nos redirija al apartado correcto",
              "fullTitle": "Pruebas Home FTC 725 - Verificar que al hacer click en \"Products\" nos redirija al apartado correcto",
              "timedOut": null,
              "duration": 7771,
              "state": "passed",
              "speed": "medium",
              "pass": true,
              "fail": false,
              "pending": false,
              "context": null,
              "code": "home_elements.nav_link.click();\nhome_elements.products_tab.click();\nhome_elements.list_view_title.should('be.visible');\nhome_elements.header_row.should('be.visible');\ncy.task('log', 'Verificando que la tabla no este vacia');\nhome_elements.table_body.find('tr').should('have.length.greaterThan', 0);",
              "err": {},
              "uuid": "f9fe3a0b-f996-45d7-98be-2e04b3712f15",
              "parentUUID": "7b40edf6-e3e8-4f17-93ca-a35062618ae5",
              "isHook": false,
              "skipped": false
            },
            {
              "title": "FTC 726 - Verificar que al presionar el boton \"More\" e ingresar al formulario \"Schedule Meeting\" desde la barra de navegacion, el menu desplegado desaparece",
              "fullTitle": "Pruebas Home FTC 726 - Verificar que al presionar el boton \"More\" e ingresar al formulario \"Schedule Meeting\" desde la barra de navegacion, el menu desplegado desaparece",
              "timedOut": null,
              "duration": 0,
              "state": "pending",
              "speed": null,
              "pass": false,
              "fail": false,
              "pending": true,
              "context": null,
              "code": "cy.task('log', 'Buscando y presionando el boton \"More\"');\nhome_elements.more_button.click();\ncy.task('log', 'Verificando que el menu se despliegue');\nhome_elements.more_menu.should('be.visible');\ncy.task('log', 'Cambiando a la ruta del formulario de agenda de reunion');\ncalendar_elements.schedule_meeting_page().click({\n  force: true\n});\ncy.task('log', 'Verificando que la URL contenga \"accounts\"');\ncy.url().should('include', '/#/meetings/edit?return_module=Meetings&return_action=DetailView');\ncy.task('log', 'Verificando que el menu desplegado haya desaparecido');\nhome_elements.more_menu.should('not.be.visible');",
              "err": {},
              "uuid": "b1419d93-3e90-4a0d-bcc6-8da16038e73b",
              "parentUUID": "7b40edf6-e3e8-4f17-93ca-a35062618ae5",
              "isHook": false,
              "skipped": false
            },
            {
              "title": "FTC 727 - Verificar que al presionar el boton \"+\" de la barra de navegacion y seleccionar \"Create Opportunity\", el menu desplegado desaparece",
              "fullTitle": "Pruebas Home FTC 727 - Verificar que al presionar el boton \"+\" de la barra de navegacion y seleccionar \"Create Opportunity\", el menu desplegado desaparece",
              "timedOut": null,
              "duration": 0,
              "state": "pending",
              "speed": null,
              "pass": false,
              "fail": false,
              "pending": true,
              "context": null,
              "code": "home_elements.plus_button.click();\nhome_elements.plus_menu.should('be.visible');\nhome_elements.create_opportunity_button.click();\ncy.task('log', 'Verificando que la URL sea corecta');\ncy.url().should('include', '/#/opportunities/edit?return_module=Opportunities&return_action=DetailView');\nhome_elements.plus_menu.should('not.be.visible');",
              "err": {},
              "uuid": "5c7b4b58-6aad-4dd6-8cb1-9c4042468466",
              "parentUUID": "7b40edf6-e3e8-4f17-93ca-a35062618ae5",
              "isHook": false,
              "skipped": false
            }
          ],
          "suites": [],
          "passes": [
            "78b34915-9317-414c-879c-d4be87a56ea7",
            "f4ac9dc3-1f15-4190-8414-e042ba6b1e82",
            "a083e1c6-3796-4d16-91c9-22705ddad670",
            "a52fb72c-379d-4965-b812-acd7ea10b622",
            "08dc7d72-5403-4627-93c3-3f65fec10acd",
            "85fe984c-26eb-4281-a101-0718ba798c33",
            "96ec32c0-134b-4ea2-a1c0-b10352b2dd56",
            "56f4e687-a53c-4cc6-a5c8-f34f5f8b9bc4",
            "6daa8667-609e-4725-80ab-6436ff58d722",
            "51bf1fda-5a1d-4161-81ef-a6350aefa83b",
            "76bf19dd-265d-4699-93d4-4c87eeff000e",
            "dad0b00f-7f26-41ca-95f7-524aeb49afa0",
            "f4b998c5-6344-42a6-bcfc-15ad83a94092",
            "b8b9efee-cb6b-4266-b1b5-cbee163cdcee",
            "26bdad31-9b4c-4dc9-8d0b-eae4f6092041",
            "05a3c8e1-7060-4f01-9a6f-43c5b9b03b41",
            "7432078d-bb1f-4209-ac34-ed39b7fc67d7",
            "ac74735a-8ed7-4a00-bbb0-8edde00f2d45",
            "a7876a1f-d420-4312-aaee-43631cb881fe",
            "5e7f4b26-58b4-459e-869b-e40d691b60aa",
            "82ee5d5a-292e-4f59-be6f-5ab369ae3abc",
            "78c6ff40-d9b7-4680-b107-645725006e8c",
            "6611cbd2-d2b9-4e8f-9931-74e7a503fed9",
            "a6ab0325-6c92-4ef7-953d-c28efc0183d3",
            "f9fe3a0b-f996-45d7-98be-2e04b3712f15"
          ],
          "failures": [],
          "pending": [
            "b1419d93-3e90-4a0d-bcc6-8da16038e73b",
            "5c7b4b58-6aad-4dd6-8cb1-9c4042468466"
          ],
          "skipped": [],
          "duration": 276866,
          "root": false,
          "rootEmpty": false,
          "_timeout": 2000
        }
      ],
      "passes": [],
      "failures": [],
      "pending": [],
      "skipped": [],
      "duration": 0,
      "root": true,
      "rootEmpty": true,
      "_timeout": 2000
    }
  ],
  "meta": {
    "mocha": {
      "version": "7.0.1"
    },
    "mochawesome": {
      "options": {
        "quiet": false,
        "reportFilename": "mochawesome",
        "saveHtml": true,
        "saveJson": true,
        "consoleReporter": "spec",
        "useInlineDiffs": false,
        "code": true
      },
      "version": "7.1.3"
    },
    "marge": {
      "options": {
        "reportDir": "cypress/reports",
        "overwrite": false,
        "html": true,
        "json": true
      },
      "version": "6.2.0"
    }
  }
}